https://cookpad.com/id/resep/13141060-tongseng-daging-kambing
https://cookpad.com/id/resep/12733309-80-tongseng-kambing
https://cookpad.com/id/resep/11804967-tongseng-kambing-xanders-kitchen-modified
https://cookpad.com/id/resep/12251784-tongseng-kambing
https://cookpad.com/id/resep/12158660-tongseng-kambing
https://cookpad.com/id/resep/12099969-51-tongseng-kambing
https://cookpad.com/id/resep/11244688-tongseng-kambing
https://cookpad.com/id/resep/10629586-tongseng-kambing-tanpa-santan
https://cookpad.com/id/resep/11172171-tongseng-kambing
https://cookpad.com/id/resep/11132282-tongseng-kambing
https://cookpad.com/id/resep/10983791-tongseng-kambing-fibercreme
https://cookpad.com/id/resep/10829724-tongseng-kambing
https://cookpad.com/id/resep/10829605-tongseng-kambing-tanpa-santan
https://cookpad.com/id/resep/10671373-tongseng-kambing
https://cookpad.com/id/resep/10634217-tongseng-kambing-ala-chef-turnip
https://cookpad.com/id/resep/10600744-tongseng-kambing-jamur-%F0%9F%8D%B2%F0%9F%8D%84
https://cookpad.com/id/resep/10083442-tongseng-kambing-khas-solo
https://cookpad.com/id/resep/10559853-tongseng-daging-kambing
https://cookpad.com/id/resep/10507913-tongseng-kambing-pedas-tanpa-santan
https://cookpad.com/id/resep/10337143-tongseng-kambing-solo
https://cookpad.com/id/resep/10303128-tongseng-kambing
https://cookpad.com/id/resep/10296516-tongseng-kambing-tanpa-santan
https://cookpad.com/id/resep/10253726-176-tongseng-kambing
https://cookpad.com/id/resep/10227008-tongseng-kambing
https://cookpad.com/id/resep/12746233-tongseng-iga-kambing
https://cookpad.com/id/resep/12467591-tongseng-kambing
https://cookpad.com/id/resep/12445535-tongseng-kambing-kering
https://cookpad.com/id/resep/13141060-tongseng-daging-kambing
https://cookpad.com/id/resep/12932701-tongseng-kambing
https://cookpad.com/id/resep/12746233-tongseng-iga-kambing
https://cookpad.com/id/resep/12467591-tongseng-kambing
https://cookpad.com/id/resep/12179664-tongseng-kambing-tanpa-santan
https://cookpad.com/id/resep/12158660-tongseng-kambing
https://cookpad.com/id/resep/12037836-tongseng-kambing-super-simpel-sederhana
https://cookpad.com/id/resep/11965753-tongseng-kepala-kambing
https://cookpad.com/id/resep/11244688-tongseng-kambing
https://cookpad.com/id/resep/11189705-tongseng-daging-kambing-ala-upie
https://cookpad.com/id/resep/11005681-tongseng-kambing
https://cookpad.com/id/resep/10957924-tongseng-kambing
https://cookpad.com/id/resep/10886560-tongseng-kambing
https://cookpad.com/id/resep/10635348-tongseng-kambing
https://cookpad.com/id/resep/10702176-tongseng-kambing
https://cookpad.com/id/resep/10559853-tongseng-daging-kambing
https://cookpad.com/id/resep/10542620-tongseng-kambing
https://cookpad.com/id/resep/10448216-tongseng-kambing
https://cookpad.com/id/resep/10258664-tongseng-kambing
https://cookpad.com/id/resep/10364219-tongseng-kambing-praktis
https://cookpad.com/id/resep/10350616-tongseng-daging-kambing
https://cookpad.com/id/resep/10328422-tongseng-kambing
https://cookpad.com/id/resep/10258150-tongseng-kambing
https://cookpad.com/id/resep/10255631-tongseng-kambing
https://cookpad.com/id/resep/10251816-tongseng-kambing
https://cookpad.com/id/resep/10236519-tongseng-kambing-nanas
https://cookpad.com/id/resep/10241871-tongseng_daging-kambing
https://cookpad.com/id/resep/10216537-tongseng-kambing-simple
https://cookpad.com/id/resep/10203351-tongseng-daging-sapi-kambing
https://cookpad.com/id/resep/10199659-tongseng-kambing-khas-jawa-tengah
https://cookpad.com/id/resep/9384069-tongseng-kepala-kambing
https://cookpad.com/id/resep/12880359-tongseng-kambing-simple
https://cookpad.com/id/resep/12746233-tongseng-iga-kambing
https://cookpad.com/id/resep/12702961-tongseng-kambing
https://cookpad.com/id/resep/12637908-tongseng-kambing
https://cookpad.com/id/resep/12574053-tongseng-kambing-spesial-by-zahara
https://cookpad.com/id/resep/12467591-tongseng-kambing
https://cookpad.com/id/resep/12099969-51-tongseng-kambing
https://cookpad.com/id/resep/11965753-tongseng-kepala-kambing
https://cookpad.com/id/resep/11244688-tongseng-kambing
https://cookpad.com/id/resep/11158624-tongseng-kambing-kering-pedes-manis-sederhana
https://cookpad.com/id/resep/10702176-tongseng-kambing
https://cookpad.com/id/resep/10695041-tongseng-kambing
https://cookpad.com/id/resep/10083442-tongseng-kambing-khas-solo
https://cookpad.com/id/resep/10366808-tongseng-kambing
https://cookpad.com/id/resep/10389785-tongseng-kambing-ala-ala
https://cookpad.com/id/resep/10272637-tongseng-kambing
https://cookpad.com/id/resep/10334759-tongseng-kambing-tanpa-santan
https://cookpad.com/id/resep/10300064-tongseng-kambing
https://cookpad.com/id/resep/10294783-tongseng-kambing-tanpa-santan
https://cookpad.com/id/resep/10267894-tongseng-daging-kambing
https://cookpad.com/id/resep/10259053-tongseng-daging-kambing
https://cookpad.com/id/resep/10211825-tongseng-kambing-tanpa-santan
https://cookpad.com/id/resep/10244171-tongseng-daging-kambing-enak
https://cookpad.com/id/resep/10226269-%F0%9F%8D%82tongseng-kambing
https://cookpad.com/id/resep/10234135-tongseng-kambing
https://cookpad.com/id/resep/10233119-tongseng-kambing
https://cookpad.com/id/resep/10228618-tongseng-kambing-simpel
https://cookpad.com/id/resep/10226271-tongseng-kambing-penuh-candu
https://cookpad.com/id/resep/10223160-33tongseng-kambing
https://cookpad.com/id/resep/10215468-tongseng-kambing-%F0%9F%90%90
https://cookpad.com/id/resep/10205273-tongseng-kambing-tanpa-santan
https://cookpad.com/id/resep/9282233-tongseng-kambing
https://cookpad.com/id/resep/8964366-tongseng-kambing-ala-bunda-fitri
https://cookpad.com/id/resep/7964185-tongseng-kambing
https://cookpad.com/id/resep/7362330-tongseng-kambing-mantul
https://cookpad.com/id/resep/7082424-tongseng-kambing
https://cookpad.com/id/resep/13229291-rendang-daging-with-telur-puyuh
https://cookpad.com/id/resep/13208199-rendang-daging-sapi
https://cookpad.com/id/resep/12941449-rendang-daging-sapi
https://cookpad.com/id/resep/12860816-resep-rendang-daging-sapi-asli-padang-sedap-dan-istimewa
https://cookpad.com/id/resep/12662099-rendang-daging-sapi
https://cookpad.com/id/resep/12668593-rendang-daging-sapi
https://cookpad.com/id/resep/12649413-rendang-daging
https://cookpad.com/id/resep/12662969-rendang-daging-sapi
https://cookpad.com/id/resep/12662966-rendang-daging
https://cookpad.com/id/resep/12643887-132rendang-daging
https://cookpad.com/id/resep/12637885-rendang-daging-sapi
https://cookpad.com/id/resep/12641805-rendang-daging
https://cookpad.com/id/resep/12632046-rendang-daging
https://cookpad.com/id/resep/12563373-rendang-daging
https://cookpad.com/id/resep/12543880-rendang-daging-ala2
https://cookpad.com/id/resep/12487826-rendang-daging-sapi
https://cookpad.com/id/resep/12473523-rendang-daging
https://cookpad.com/id/resep/12221723-rendang-daging-sapi
https://cookpad.com/id/resep/12209911-rendang-daging-paru-sapi-jawa
https://cookpad.com/id/resep/12121119-rendang-daging-sapi
https://cookpad.com/id/resep/12104539-88-rendang-daging-pedas
https://cookpad.com/id/resep/12082102-37rendang-daging-ala-rachmawaty
https://cookpad.com/id/resep/12082347-rendang-daging-sapi
https://cookpad.com/id/resep/12928046-gulai-daging-kambing
https://cookpad.com/id/resep/12641315-gulai-kambing
https://cookpad.com/id/resep/13148734-gulai-kambing-bi-ade
https://cookpad.com/id/resep/13166630-57-gule-kambing
https://cookpad.com/id/resep/12375676-gule-kambing-rempah
https://cookpad.com/id/resep/11624868-%F0%9F%8D%B2-gulai-kambing-ala-semarang
https://cookpad.com/id/resep/11442013-gulai-kambing
https://cookpad.com/id/resep/11335241-gulai-kambing
https://cookpad.com/id/resep/11305009-gule-kambing
https://cookpad.com/id/resep/11138359-gulai-iga-kambing-nangka-muda
https://cookpad.com/id/resep/10895332-gulai-kambing-tanpa-santan
https://cookpad.com/id/resep/10644132-gulai-kambing-kuah-santan
https://cookpad.com/id/resep/10583025-gulai-kaki-kepala-kambing
https://cookpad.com/id/resep/10554531-gulai-kambing
https://cookpad.com/id/resep/10374501-gulai-kambing-bumbu-apa-adanya
https://cookpad.com/id/resep/10352427-gulai-kaki-kambing
https://cookpad.com/id/resep/10339547-gulai-kambing
https://cookpad.com/id/resep/10302007-gulai-kambing
https://cookpad.com/id/resep/10252144-gulai-kambing
https://cookpad.com/id/resep/10223483-gulai-kambing
https://cookpad.com/id/resep/10198596-35-gulai-tengkleng-kambing
https://cookpad.com/id/resep/10186920-gulai-kambing
https://cookpad.com/id/resep/9622564-gulai-kari-tulang-kambing
https://cookpad.com/id/resep/8927919-gule-jerohan-kambing
https://cookpad.com/id/resep/8874555-gulai-kambing
https://cookpad.com/id/resep/8412971-%F0%9F%92%A2gulai-kambing-sederhana%F0%9F%92%A2
https://cookpad.com/id/resep/8215629-gulai-kambing-khas-jawa
https://cookpad.com/id/resep/6736608-gulai-kambing
https://cookpad.com/id/resep/6283568-gulai-kambing-limau
https://cookpad.com/id/resep/4467084-gulai-kambing
https://cookpad.com/id/resep/3314240-kitaberbagi-gulai-kambing
https://cookpad.com/id/resep/3287198-gulai-daging-kambing-1st-cook-kitaberbagi
https://cookpad.com/id/resep/3284807-gule-kepala-kambing
https://cookpad.com/id/resep/13255149-sate-daging-sapi-pakai-teflon
https://cookpad.com/id/resep/12801724-sate-daging-rempah-%E2%9C%A8
https://cookpad.com/id/resep/12489483-sate-daging-sapi-pedas-nagih
https://cookpad.com/id/resep/12484511-sate-daging
https://cookpad.com/id/resep/13133274-sate-daging-sukiyaki
https://cookpad.com/id/resep/12489483-sate-daging-sapi-pedas-nagih
https://cookpad.com/id/resep/12417586-sate-daging
https://cookpad.com/id/resep/10170061-sate-daging-sapi-kayu-manis
https://cookpad.com/id/resep/10368135-sate-daging-sapi-%F0%9F%8D%A2%F0%9F%8D%A1
https://cookpad.com/id/resep/10301179-sate-daging-sapi
https://cookpad.com/id/resep/8832279-sate-daging-nikmat
https://cookpad.com/id/resep/8440313-sate-daging-manis-tanpa-tusuk-ala-rethz
https://cookpad.com/id/resep/7054963-sate-daging-giling
https://cookpad.com/id/resep/6816216-sate-daging-giling
https://cookpad.com/id/resep/5716611-sate-daging-sapi-padang
https://cookpad.com/id/resep/5630530-sate-daging-kambing
https://cookpad.com/id/resep/4936611-sate-daging-bikinramadanberkesan
https://cookpad.com/id/resep/3574483-sate-daging-gurih-nyoy
https://cookpad.com/id/resep/3323097-sate-daging-sapi-empuk-tanpa-presto
https://cookpad.com/id/resep/3268454-sate-daging-kitaberbagi
https://cookpad.com/id/resep/3281420-sate-daging-sapi-goreng-kitaberbagi
https://cookpad.com/id/resep/3278656-sate-daging-simpelempukkk
https://cookpad.com/id/resep/3278172-sate-daging-sapi-goreng-kitaberbagi
https://cookpad.com/id/resep/3187501-sate-daging-bumbu-rujak
https://cookpad.com/id/resep/1671273-sate-daging-free-gluten
https://cookpad.com/id/resep/1214221-sate-daging-sapi
https://cookpad.com/id/resep/1140305-sate-daging-sapi
https://cookpad.com/id/resep/965089-sambal-kecap-khas-sate-daging%F0%9F%8D%A1%F0%9F%8D%A2
https://cookpad.com/id/resep/986508-sate-daging-sapi-bumbu-kacang-%F0%9F%91%8C%F0%9F%8D%A2
https://cookpad.com/id/resep/986329-sate-daging-sapi-simple
https://cookpad.com/id/resep/966527-sate-daging-sapi-bumbu-kecap-panggang-happycall
https://cookpad.com/id/resep/821384-sate-daging-babat
https://cookpad.com/id/resep/205183-lontong-sayur-sate-daging-bumbu
https://cookpad.com/id/resep/12369278-sate-daging-kecap
https://cookpad.com/id/resep/10993463-sate-daging-sapi-simpel
https://cookpad.com/id/resep/10709291-sate-daging-sapi-goreng
https://cookpad.com/id/resep/13223446-semur-daging-sapi
https://cookpad.com/id/resep/13208141-semur-bola-bola-daging-isi-telur-puyuh
https://cookpad.com/id/resep/12798670-semur-daging-sapi
https://cookpad.com/id/resep/13152947-semur-daging-sapi-giling-dan-kentang
https://cookpad.com/id/resep/13226397-semur-daging-kentang
https://cookpad.com/id/resep/13207955-semur-daging-kering
https://cookpad.com/id/resep/13123070-semur-daging-sapi-kentang
https://cookpad.com/id/resep/13038775-semur-bola-bola-daging
https://cookpad.com/id/resep/12981984-semur-daging-cincang-telor-puyuh
https://cookpad.com/id/resep/12446375-semur-daging-tahu
https://cookpad.com/id/resep/12844786-semur-daging%F0%9F%98%8D
https://cookpad.com/id/resep/12827956-semur-daging-cincang-kentang-soun
https://cookpad.com/id/resep/12776654-22-semur-daging-kentang
https://cookpad.com/id/resep/12741063-semur-daging-betawi-asli
https://cookpad.com/id/resep/12721561-semur-daging-tahu-kentang
https://cookpad.com/id/resep/12719172-semur-daging
https://cookpad.com/id/resep/12717698-semur-daging-dan-tahu
https://cookpad.com/id/resep/12682076-semur-daging-sapi-ala-vienta
https://cookpad.com/id/resep/12670387-semur-daging-fiber-creme
https://cookpad.com/id/resep/12645396-semur-daging
https://cookpad.com/id/resep/12642996-semur-daging-menyeraptips
https://cookpad.com/id/resep/12641602-semur-daging-sapi-lebaran
https://cookpad.com/id/resep/12637646-semur-daging-betawi
https://cookpad.com/id/resep/12632128-semur-daging-ceritanya
https://cookpad.com/id/resep/12576049-semur-daging-lebaransemur-betawi
https://cookpad.com/id/resep/12571529-semur-daging-kentang
https://cookpad.com/id/resep/12549771-daging-sapi-masak-semur
https://cookpad.com/id/resep/12535783-50-semur-bola-bola-daging
https://cookpad.com/id/resep/12499404-semur-daging-sapi
https://cookpad.com/id/resep/12495752-semur-daging-sapi-kentang
https://cookpad.com/id/resep/12369161-semur-daging-kentang
https://cookpad.com/id/resep/12460789-semur-daging-giling-kentang
https://cookpad.com/id/resep/12427764-semur-daging
https://cookpad.com/id/resep/12414502-semur-bola-bola-daging
https://cookpad.com/id/resep/12385085-semur-daging
https://cookpad.com/id/resep/12346151-semur-daging
https://cookpad.com/id/resep/12343396-semur-daging
https://cookpad.com/id/resep/12326038-semur-daging-sapi-bamboe
https://cookpad.com/id/resep/12312885-semur-daging-telur
https://cookpad.com/id/resep/12308501-semur-daging
https://cookpad.com/id/resep/12306822-semur-daging-sapi-santan
https://cookpad.com/id/resep/12255818-semur-bola-daging-cincang
https://cookpad.com/id/resep/13210943-tumis-sayur-pentol-sapi
https://cookpad.com/id/resep/12795739-tahu-bakso-sapi
https://cookpad.com/id/resep/13235599-bakso-sapi-mix-ayam
https://cookpad.com/id/resep/13148701-bakso-sapi-keto
https://cookpad.com/id/resep/13077174-bakso-sapi
https://cookpad.com/id/resep/12965984-kuah-bakso-sapi
https://cookpad.com/id/resep/12721468-bakso-sapi-kenyal-dan-lembut
https://cookpad.com/id/resep/12615878-bakso-sapi-halus
https://cookpad.com/id/resep/12701293-bakso-sapi-homemade-kuah-bakso-%F0%9F%92%9B
https://cookpad.com/id/resep/12698194-oseng-cabe-ijo-ati-ampela-bakso-sapi-bosque
https://cookpad.com/id/resep/12691054-telur-dadar-bakso-sapi
https://cookpad.com/id/resep/12684430-bakso-sapi-anti-gagal
https://cookpad.com/id/resep/12672995-saus-spaghetti-homemade-dengan-baso-sapi
https://cookpad.com/id/resep/12612072-kuah-bakso-sapi
https://cookpad.com/id/resep/12580002-bakso-sapi-ala-eonni-ivy
https://cookpad.com/id/resep/12571778-baso-sapi
https://cookpad.com/id/resep/12468811-bakso-sapi
https://cookpad.com/id/resep/12433308-bakso-sapi-source-of-ibu-restu-utami-dewi
https://cookpad.com/id/resep/12419862-bakso-sapi-mak-oliph
https://cookpad.com/id/resep/12250539-pentol-ngilerrrr-bakso-sapi
https://cookpad.com/id/resep/12206865-sop-bakso-sapi
https://cookpad.com/id/resep/12098319-kuah-bakso-sapi
https://cookpad.com/id/resep/12048158-bakso-sapi-enak-dan-empuk
https://cookpad.com/id/resep/12019795-tumis-jamur-tiram-putih-bakso-sapi
https://cookpad.com/id/resep/12002808-bakso-sapi
https://cookpad.com/id/resep/11945601-bakso-sapi
https://cookpad.com/id/resep/13254311-sup-daging-cincang
https://cookpad.com/id/resep/12973231-sop-daging-simpel
https://cookpad.com/id/resep/13185453-7-sup-daging-mix-wortel-dan-kacang-panjang-ala-bunda-asri
https://cookpad.com/id/resep/13151509-sop-daging
https://cookpad.com/id/resep/13151686-sup-daging-sapi
https://cookpad.com/id/resep/13185453-7-sup-daging-mix-wortel-dan-kacang-panjang-ala-bunda-asri
https://cookpad.com/id/resep/13123425-sop-daging
https://cookpad.com/id/resep/13104283-sop-daging-sapi
https://cookpad.com/id/resep/13023276-sop-daging-sapi
https://cookpad.com/id/resep/13051467-soup-daging-sapi
https://cookpad.com/id/resep/13037966-sup-sapi-pedas-ala-korea
https://cookpad.com/id/resep/13028498-sop-daging-tetelan
https://cookpad.com/id/resep/12973855-sup-daging-macaroni%E2%9D%A4
https://cookpad.com/id/resep/12860075-sop-dagingiga
https://cookpad.com/id/resep/12839811-sop-daging
https://cookpad.com/id/resep/12569907-sup-daging
https://cookpad.com/id/resep/12889661-soup-daging-sapi
https://cookpad.com/id/resep/12784398-sop-daging
https://cookpad.com/id/resep/12737894-resep-sop-daging-padang-minang-sumatera-barat
https://cookpad.com/id/resep/12679040-sop-daging
https://cookpad.com/id/resep/12662828-soup-sapi
https://cookpad.com/id/resep/12633878-sop-daging-ala-mom-briell
https://cookpad.com/id/resep/12631972-sup-daging-jamur-enoki
https://cookpad.com/id/resep/12494360-sop-daging-sapi-lobak
https://cookpad.com/id/resep/12473692-sop-daging-sapi
https://cookpad.com/id/resep/12453888-soup-daging-kacang-merah
https://cookpad.com/id/resep/12332115-sop-daging-sapi-bening
https://cookpad.com/id/resep/12323387-sop-daging-simple
https://cookpad.com/id/resep/12311145-sop-daging-dan-bakso
https://cookpad.com/id/resep/12295836-sop-daging
https://cookpad.com/id/resep/12301219-sop-daging
https://cookpad.com/id/resep/12281810-sop-daging-iga-sederhana
https://cookpad.com/id/resep/12268554-sop-daging
https://cookpad.com/id/resep/12157751-sop-daging
https://cookpad.com/id/resep/12125380-sop-daging
https://cookpad.com/id/resep/12099624-soup-daging-kacang-merah-ala-german
https://cookpad.com/id/resep/12010453-sop-daging-iga-racik-sop
https://cookpad.com/id/resep/12692077-sop-kambing
https://cookpad.com/id/resep/12494849-sop-kambing-tulang-sum2
https://cookpad.com/id/resep/12405122-sop-kambing-kuah-bening
https://cookpad.com/id/resep/12294620-sop-kaki-kambing
https://cookpad.com/id/resep/12405122-sop-kambing-kuah-bening
https://cookpad.com/id/resep/12361706-sop-kambing
https://cookpad.com/id/resep/11779581-sop-iga-kambing
https://cookpad.com/id/resep/10593087-sop-kambing
https://cookpad.com/id/resep/10421754-sop-tulang-kambingsapi
https://cookpad.com/id/resep/10375634-sop-daging-kambing
https://cookpad.com/id/resep/10314635-sup-kambing-rempah
https://cookpad.com/id/resep/10281681-sop-kambing
https://cookpad.com/id/resep/10216473-sop-kambing
https://cookpad.com/id/resep/8398519-sop-kambing-bintang-lima
https://cookpad.com/id/resep/6786083-sop-kambing
https://cookpad.com/id/resep/6580921-sup-kambing-susu
https://cookpad.com/id/resep/6344735-sop-kambing
https://cookpad.com/id/resep/5693582-sop-kacang-merah-daging-kambing-muda
https://cookpad.com/id/resep/4943805-sop-kambing
https://cookpad.com/id/resep/5161582-sop-tetelan-kambing
https://cookpad.com/id/resep/3491361-sup-pare-putih-dengan-iga-kambing-sapi
https://cookpad.com/id/resep/3307993-sop-kambing-endess
https://cookpad.com/id/resep/3295736-sop-tulang-kambing-praktiskitaberbagi
https://cookpad.com/id/resep/3290918-sop-kambing-kuah-putih-kitaberbagi
https://cookpad.com/id/resep/3274693-sop-kambing-madura
https://cookpad.com/id/resep/3272418-sop-daging-kambing-kitaberbagi
https://cookpad.com/id/resep/3269213-sop-kambing-sayuran-buat-menu-anak-kitaberbagi
https://cookpad.com/id/resep/12958785-tengkleng-kambing-tanpa-santan
https://cookpad.com/id/resep/11772055-tengkleng-kambing
https://cookpad.com/id/resep/10774699-tengkleng-kambing
https://cookpad.com/id/resep/10525904-tengkleng-kambing-khas-solo
https://cookpad.com/id/resep/10412666-tengkleng-kambing
https://cookpad.com/id/resep/10224456-tengkleng-kambing
https://cookpad.com/id/resep/8457579-77-tengkleng-kambing-dapoer-budhe
https://cookpad.com/id/resep/8306801-tengkleng-kambing-solo
https://cookpad.com/id/resep/3860271-tengkleng-kambing
https://cookpad.com/id/resep/3300921-thengkleng-kambing
https://cookpad.com/id/resep/2762878-tengkleng-kambing-seger-tanpa-santan
https://cookpad.com/id/resep/1009965-tengkleng-kambing
https://cookpad.com/id/resep/5647607-tengkleng-kambing-istimewa
https://cookpad.com/id/resep/5636213-tengkleng-kambing-solo
https://cookpad.com/id/resep/12718865-thengkleng-solo
https://cookpad.com/id/resep/5659037-tengkleng-solo
https://cookpad.com/id/resep/13221880-rawon-daging-sapi-empuk
https://cookpad.com/id/resep/13111171-rawon-daging-sapi
https://cookpad.com/id/resep/13086157-rawon-daging
https://cookpad.com/id/resep/13218284-rawon-daging-sapi
https://cookpad.com/id/resep/13094613-rawon-daging
https://cookpad.com/id/resep/13086157-rawon-daging
https://cookpad.com/id/resep/12548329-rawon-daging-sapi
https://cookpad.com/id/resep/12709127-rawon-daging
https://cookpad.com/id/resep/12579231-rawon-daging-sapi
https://cookpad.com/id/resep/12391403-rawon-daging-sapi-ala-kit-chen
https://cookpad.com/id/resep/12361403-rawon-daging-sapi
https://cookpad.com/id/resep/12285237-rawon-daging-sapi
https://cookpad.com/id/resep/12241853-rawon-daging-sapi-kluwek
https://cookpad.com/id/resep/11793731-rawon-daging-sapi
https://cookpad.com/id/resep/11391190-rawon-daging-kerbau
https://cookpad.com/id/resep/11358720-rawon-daging-sapi
https://cookpad.com/id/resep/11324092-rawon-daging
https://cookpad.com/id/resep/11194766-rawon-daging-sapi
https://cookpad.com/id/resep/10778552-rawon-daging-sapi
https://cookpad.com/id/resep/10485901-rawon-tetelan-daging-sapi
https://cookpad.com/id/resep/10379665-rawon-daging-sapi-mamidava
https://cookpad.com/id/resep/10299515-179-rawon-daging
https://cookpad.com/id/resep/10255809-rawon-daging-tanpa-santan
https://cookpad.com/id/resep/10238087-rawon-daging-sapi
https://cookpad.com/id/resep/10031472-rawon-daging-sapi
https://cookpad.com/id/resep/9961127-rawon-daging-sapi-tulang-muda
https://cookpad.com/id/resep/9367991-rawon-daging
https://cookpad.com/id/resep/8914726-rawon-daging-sapi
https://cookpad.com/id/resep/8758729-rawon-daging-kisi-plus-sumsum-tulang-kaki
https://cookpad.com/id/resep/8276673-nasi-rawon-daging-sapi-komplit
https://cookpad.com/id/resep/6837313-rawon-daging-sapi
https://cookpad.com/id/resep/6058203-rawon-daging-spesial
https://cookpad.com/id/resep/5760626-rawon-daging-sapi
https://cookpad.com/id/resep/5661938-rawon-daging-sapi
https://cookpad.com/id/resep/5662395-rawon-sapi-festivalresepasia-indonesiadaging-sapi
https://cookpad.com/id/resep/13062619-tips-menyimpan-tahu
https://cookpad.com/id/resep/12757779-tips-menyimpan-tahu-agar-awet-7-10-hari-stok%F0%9F%A4%97
https://cookpad.com/id/resep/12326714-tips-menyimpan-cumi-dalam-kulkas-tahan-1-bulan
https://cookpad.com/id/resep/12034605-tips-menyimpan-beras-di-rumah-agar-awet-g-apekberkutu
https://cookpad.com/id/resep/12024378-tips-menyimpan-daun-jeruk-daun-salam-daun-kari-dan-daun-kunyit
https://cookpad.com/id/resep/12018010-tips-menyimpan-sayuran-agar-tetap-fresh
https://cookpad.com/id/resep/11809085-tips-menyimpan-tahu
https://cookpad.com/id/resep/11822845-tips-menyimpan-sayur-buah
https://cookpad.com/id/resep/11823993-tips-menyimpan-tauge
https://cookpad.com/id/resep/11822567-tips-menyimpan-ikan-pindang
https://cookpad.com/id/resep/11814008-tips-menyimpan-telur
https://cookpad.com/id/resep/11821053-tips-menyimpan-ikan-agar-tetap-enak
https://cookpad.com/id/resep/11797420-55-tips-menyimpan-pangsit
https://cookpad.com/id/resep/11817027-top-tips-menyimpan-sayuran
https://cookpad.com/id/resep/11815118-tips-menyimpan-sayuran
https://cookpad.com/id/resep/11814926-tip-menyimpan-tahu
https://cookpad.com/id/resep/11813357-tips-menyimpan-ikan-asin
https://cookpad.com/id/resep/11809022-tips-menyimpan-sayur
https://cookpad.com/id/resep/11808837-354-tips-menyimpan-iga-daging-sapi-di-kulkas
https://cookpad.com/id/resep/11805612-tips-menyimpan-iga-dan-sandung-lamur-supaya-praktis
https://cookpad.com/id/resep/11805614-54-tips-menyimpan-masakan
https://cookpad.com/id/resep/11805915-tips-menyimpan-tahu-putih
https://cookpad.com/id/resep/11783590-tips-memilih-dan-menyimpan-tahu-tempe
https://cookpad.com/id/resep/11062463-tip-menyimpan-tahu-supaya-tidak-mudah-bau-masam-dan-bisa-tahan-lama
https://cookpad.com/id/resep/10491200-pepes-tahu-teri-medan-tips-menyimpan-daun-pisang
https://cookpad.com/id/resep/8554418-tahu-goreng-tips-menyimpan-tahu
https://cookpad.com/id/resep/5948892-tips-menyimpan-tahu
https://cookpad.com/id/resep/4999679-tips-menyimpan-kangkung-etc
https://cookpad.com/id/resep/4736015-tips-menyimpan-taoge-kecambah
https://cookpad.com/id/resep/12936516-tips-menyimpan-daun-bawang
https://cookpad.com/id/resep/12798296-tips-menyimpan-sereh
https://cookpad.com/id/resep/12640826-tips-menyimpan-cabe
https://cookpad.com/id/resep/12509495-tips-menyimpan-daun-kemangi
https://cookpad.com/id/resep/12140549-tips-menyimpan-kemiri-ketumbar-dan-merica
https://cookpad.com/id/resep/12045548-tips-menyimpan-cabe-awet-6-bulan
https://cookpad.com/id/resep/12024767-tips-menyimpan-bawang2an-ala-saya-%F0%9F%98%81
https://cookpad.com/id/resep/12024951-tips-menyimpan-wortel-ala-saya
https://cookpad.com/id/resep/11812546-tips-menyimpan-ketumbar-kemiri-jinten-adas-merica
https://cookpad.com/id/resep/11827794-tips-menyimpan-buah
https://cookpad.com/id/resep/11825440-tips-menyimpan-bumbu-daun
https://cookpad.com/id/resep/5638159-empal-daging-sapi-age-sapi-lezat-dengan-tips-supaya-empuk
https://cookpad.com/id/resep/3301906-tips-merebus-daging-cepat-empuk
https://cookpad.com/id/resep/10275612-semur-daging-sapi-tips-bikin-empuk
https://cookpad.com/id/resep/5638159-empal-daging-sapi-age-sapi-lezat-dengan-tips-supaya-empuk
https://cookpad.com/id/resep/3273249-tips-merebus-dagingempuk
https://cookpad.com/id/resep/11246792-kalio-dagiang-jo-kantang-kalio-daging-kentang-tips-nomsg
https://cookpad.com/id/resep/12335994-soto-daging-empuk
https://cookpad.com/id/resep/11909309-rendang-daging-empuk
https://cookpad.com/id/resep/11670867-lapis-daging-empuk
https://cookpad.com/id/resep/11797760-tips-menyimpan-cabe-spy-tidak-cepat-busuk
https://cookpad.com/id/resep/10399067-tips-marinasi-gorengan-cepat-gurih-praktis
https://cookpad.com/id/resep/6370867-tumis-daging-simple
https://cookpad.com/id/resep/3748535-lapis-daging-masak-kecap-easy
https://cookpad.com/id/resep/12780413-pizza-ekonomis-praktis-anti-pegal-lembut-anti-gagal-teflon
https://cookpad.com/id/resep/13145868-sampadeh-daging-ala-minang-masak-jeh
https://cookpad.com/id/resep/12630831-kaldu-daging-%F0%9F%A5%98%F0%9F%A5%98-ga3_week-1
https://cookpad.com/id/resep/12646817-rendang-daging
https://cookpad.com/id/resep/12439713-rawon-daging-alapratiwi
https://cookpad.com/id/resep/12430094-daging-rendang-rumahan
https://cookpad.com/id/resep/11000898-sup-daging-mamasusancooks
https://cookpad.com/id/resep/10397288-sop-brokoli-daging
https://cookpad.com/id/resep/10013587-balado-kentang-daging
https://cookpad.com/id/resep/9965031-daging-sapi-lada-hitam
https://cookpad.com/id/resep/9639843-lapis-daging
https://cookpad.com/id/resep/9231459-empal-daging-sapi
https://cookpad.com/id/resep/9063099-age-daging-madura-ala-nasi-berkat
https://cookpad.com/id/resep/8895796-cincang-buncis-daging-telur-puyuh
https://cookpad.com/id/resep/6726609-33-bistik-daging-sapi
https://cookpad.com/id/resep/6576434-gulai-daging-resep-padang
https://cookpad.com/id/resep/5900053-rendang-daging
https://cookpad.com/id/resep/5509324-sop-daging-%E2%9D%A4%EF%B8%8F
https://cookpad.com/id/resep/5467442-perkedel-kentang-penuh-daging
https://cookpad.com/id/resep/5340483-lapis-daging-ala-mami
https://cookpad.com/id/resep/4726000-brokolly-daging-sapi-lada-hitam
https://cookpad.com/id/resep/4689591-tumis-daging-gurih
https://cookpad.com/id/resep/3341136-serundeng-daging-muo
https://cookpad.com/id/resep/3292350-semur-daging-sapi
https://cookpad.com/id/resep/3278584-sup-daging-sup-diet
https://cookpad.com/id/resep/3264640-gepuk-daging-sapi-kitaberbagi
https://cookpad.com/id/resep/2806710-semur-daging-resep-mama
https://cookpad.com/id/resep/2786143-sop-daging
https://cookpad.com/id/resep/13243303-nasi-uduk-rice-cooker
https://cookpad.com/id/resep/13257837-nasi-uduk-fiber-creme-rice-cooker
https://cookpad.com/id/resep/13252825-nasi-goreng-rice-cooker
https://cookpad.com/id/resep/13251480-tumini-magicom-tumpeng-mini-sederhana-dan-simpel
https://cookpad.com/id/resep/13245802-nasi-liwet-magic-com
https://cookpad.com/id/resep/13243385-tutorial-masak-mie-instan-indomie-rebus-pake-rice-cooker
https://cookpad.com/id/resep/13234083-nasi-liwet-rice-cooker
https://cookpad.com/id/resep/13227770-ayam-tahu-tempe-goreng-lengkuas-masak-di-rice-cooker-aja-%F0%9F%98%86
https://cookpad.com/id/resep/13180634-7-nasi-liwet-rice-cooker
https://cookpad.com/id/resep/13176450-4-nasi-liwet-rice-cooker
https://cookpad.com/id/resep/13157988-nasi-liwet-magic-com
https://cookpad.com/id/resep/13080810-nasi-liwet-rice-cooker-ala-av-kitchen
https://cookpad.com/id/resep/13078736-roti-coklat-magic-com
https://cookpad.com/id/resep/13076474-nasi-liwet-rice-cooker
https://cookpad.com/id/resep/13075397-ikan-kembung-pepes-ala-magic-com
https://cookpad.com/id/resep/12961152-nasi-pandan-praktis-magicom
https://cookpad.com/id/resep/12719068-nasi-kabsa-kambing-rice-cooker
https://cookpad.com/id/resep/13058363-nasi-kuning-mudah-pakai-magic-com
https://cookpad.com/id/resep/13043511-nasi-liwet-rice-cooker
https://cookpad.com/id/resep/13006281-lontong-magicom%F0%9F%92%95
https://cookpad.com/id/resep/12999637-nasi-kuning-magic-com-praktis
https://cookpad.com/id/resep/12980472-tumis-buncis-sosis-magicom-ala-anak-kos
https://cookpad.com/id/resep/12980510-nasi-uduk-magic-com
https://cookpad.com/id/resep/12735931-bumbu-dasar-merah
https://cookpad.com/id/resep/13059915-dadar-jagung-hanya-2-bumbu-dasar
https://cookpad.com/id/resep/13006903-bumbu-dasar-merah
https://cookpad.com/id/resep/13038344-bumbu-dasar-putih-serba-guna
https://cookpad.com/id/resep/13031560-bumbu-dasar-kuning
https://cookpad.com/id/resep/13183070-bumbu-dasar-merah
https://cookpad.com/id/resep/13149114-bumbu-dasar-putih-dan-merah
https://cookpad.com/id/resep/12735931-bumbu-dasar-merah
https://cookpad.com/id/resep/13059915-dadar-jagung-hanya-2-bumbu-dasar
https://cookpad.com/id/resep/13007402-bumbu-dasar-kuning
https://cookpad.com/id/resep/13004712-34-bumbu-dasar-putih
https://cookpad.com/id/resep/12956097-bumbu-dasar-merah
https://cookpad.com/id/resep/12949777-bumbu-dasar-putih
https://cookpad.com/id/resep/12947567-ayam-bumbu-masak-kuning
https://cookpad.com/id/resep/12927793-bumbu-masak
https://cookpad.com/id/resep/12927602-bumbu-dasar-kuning
https://cookpad.com/id/resep/12886957-bumbu-dasar-kuning
https://cookpad.com/id/resep/12877725-bumbu-dasar-putih
https://cookpad.com/id/resep/12855198-11-bumbu-dasar-putih
https://cookpad.com/id/resep/12262666-bumbu-dasar-merah
https://cookpad.com/id/resep/12219440-bumbu-dasar-bawang
https://cookpad.com/id/resep/12223026-bumbu-dasar-putih-wajib-coba-%F0%9F%91%8C%F0%9F%8F%BB
https://cookpad.com/id/resep/12045848-bumbu-masak-habang
https://cookpad.com/id/resep/11930580-bumbu-dasar-merah
https://cookpad.com/id/resep/11832517-bumbu-dasar-merah
https://cookpad.com/id/resep/11817098-25-bahan-bumbu-dasar-putih
https://cookpad.com/id/resep/9715414-bumbu-dasar-merah
https://cookpad.com/id/resep/9111490-bumbu-dasar-putih
https://cookpad.com/id/resep/8825087-bumbu-dasar-putih-2
https://cookpad.com/id/resep/8517160-bumbu-dasar-putih
https://cookpad.com/id/resep/8377396-bumbu-dasar-putih
https://cookpad.com/id/resep/8064166-ikan-bumbu-masak-kayu-khas-ternate
https://cookpad.com/id/resep/7972355-bumbu-dasar-merah
https://cookpad.com/id/resep/7956807-bumbu-dasar-merah
https://cookpad.com/id/resep/7958159-bumbu-dasar-kuning
https://cookpad.com/id/resep/7935463-bumbu-dasar-orange
https://cookpad.com/id/resep/7929953-bumbu-dasar-kuning
https://cookpad.com/id/resep/7890197-bumbu-dasar-bumbu-kuning
https://cookpad.com/id/resep/11110216-tips-masak-pare-no-pait-pait
https://cookpad.com/id/resep/6481705-pare-nenek-teri-tips-supaya-pare-tidak-pahit
https://cookpad.com/id/resep/4738478-tumis-pare-tips-anti-pahit
https://cookpad.com/id/resep/3472497-tumis-pare-teri-tips-agar-pare-tidak-pahit
https://cookpad.com/id/resep/8067254-tumis-pare-anti-pahit
https://cookpad.com/id/resep/8026089-tumis-pare-anti-pahit
https://cookpad.com/id/resep/7699957-tumis-pare-anti-pahit-pahit-club
https://cookpad.com/id/resep/6777892-tumis-pare-tidak-pahit
https://cookpad.com/id/resep/5055878-28-osengtumis-pareteri-nikmat%F0%9F%91%8Cga-pahit-blas
https://cookpad.com/id/resep/2191821-oseng-pare-pedas-no-pahit
https://cookpad.com/id/resep/5903555-pare-nenek-gak-pahit-ala-ashanty-dapurasix
https://cookpad.com/id/resep/12019274-tumis-pare-ikan-asin
https://cookpad.com/id/resep/3663307-osengtumis-pare
https://cookpad.com/id/resep/11204224-tumis-orak-arik-pare
https://cookpad.com/id/resep/3272755-tumis-pare-dan-kacang-pajang
https://cookpad.com/id/resep/4943128-oseng-pare-tempe-bikinramadanberkesan
https://cookpad.com/id/resep/2274748-tumis-pare
https://cookpad.com/id/resep/7837653-35-babat-asam-manis-dan-tips-cara-membersihkan-nya
https://cookpad.com/id/resep/4040526-tips-membersihkan-mulut-cumi-cumi%F0%9F%90%99
https://cookpad.com/id/resep/6165314-mie-mentah-dan-tips-membersihkan-alat-pembuat-mie
https://cookpad.com/id/resep/13205794-belut-membersihkan-tips
https://cookpad.com/id/resep/13260035-ayam-kentucky-renyah
https://cookpad.com/id/resep/13259936-ayam-goreng-pandan
https://cookpad.com/id/resep/13243887-30-ayam-betutu-gilimanuk
https://cookpad.com/id/resep/13260061-sop-ayam
https://cookpad.com/id/resep/13259735-sayap-ayam-mercon
https://cookpad.com/id/resep/13260393-galantin-ayam
https://cookpad.com/id/resep/13260251-risol-rougut-ayam
https://cookpad.com/id/resep/13259578-ayam-palappa-merah-khas-madura-recook-bunda-dewi
https://cookpad.com/id/resep/13259290-kulit-ayam-krispy-pedas-manis
https://cookpad.com/id/resep/13259103-ayam-panggang
https://cookpad.com/id/resep/13259053-kare-ayam-pedas
https://cookpad.com/id/resep/13259201-sup-ayam-makaroni
https://cookpad.com/id/resep/13258741-nasi-tim-daging-sapi-hati-ayam-kecap-8m
https://cookpad.com/id/resep/13255779-day-47-bubur-ati-ayam-acar-kuning-7-month
https://cookpad.com/id/resep/13255240-ayam-gr-tepung-crispy
https://cookpad.com/id/resep/13254825-ayam-rica-rica
https://cookpad.com/id/resep/13253869-bakpao-isi-ayam
https://cookpad.com/id/resep/13253698-kremesan-ayam-super-gurih-dan-renyah-anti-gagal
https://cookpad.com/id/resep/13253262-dimsum-ayam
https://cookpad.com/id/resep/13253436-mie-ayam-kikil-ala-panci-listrik
https://cookpad.com/id/resep/13235533-oseng-baby-buncis-dan-ayam
https://cookpad.com/id/resep/13252470-ati-ampela-ayam-pedas-kerupuk-rambak
https://cookpad.com/id/resep/13231606-ayam-gambas-pedas-manis
https://cookpad.com/id/resep/13251794-pangsit-goreng-ayam
https://cookpad.com/id/resep/13250458-masak-gampang-sop-ayam-janda-sop-ayam-jawa-sunda
https://cookpad.com/id/resep/13248106-baso-ayam-pedas-mantap
https://cookpad.com/id/resep/13248046-soto-ayam-madura
https://cookpad.com/id/resep/13248182-ayam-goreng-mentega
https://cookpad.com/id/resep/13247106-bubur-ayam-samarinda
https://cookpad.com/id/resep/13240526-bakwan-ayam-sayur
https://cookpad.com/id/resep/13247449-rica-ayam-suwir-pedas
https://cookpad.com/id/resep/13245040-ayam-kemangi
https://cookpad.com/id/resep/13245628-ayam-korea-ddak-gan-jeong
https://cookpad.com/id/resep/13259466-daging-sapi-garo-manado
https://cookpad.com/id/resep/13259097-oseng-mercon-%F0%9F%94%A5-kikil-sapi
https://cookpad.com/id/resep/13255481-baso-sapi-gluten-free
https://cookpad.com/id/resep/13253728-sop-tulang-sapi-ala-prasmanan
https://cookpad.com/id/resep/13253344-sate-sapi-ala-dapoer-eceu
https://cookpad.com/id/resep/13246507-srundeng-daging-sapi-mbah-riboet
https://cookpad.com/id/resep/13233832-bakmoy-sapi-tahu
https://cookpad.com/id/resep/13230642-asam-asam-daging-sapi-belimbing-wuluh
https://cookpad.com/id/resep/13222844-08-beef-mentai-rice
https://cookpad.com/id/resep/13212664-saikoro-beef-cabe-garam
https://cookpad.com/id/resep/12508833-korean-beef-bulgogi-ala-fe-daging-barbekyu-korea
https://cookpad.com/id/resep/13212189-steak-sapi-empuk
https://cookpad.com/id/resep/13211565-daging-sapi-sambal-geprek
https://cookpad.com/id/resep/13184309-bakso-sapi-home-made
https://cookpad.com/id/resep/13154908-bakso-sapi-lada-hitam
https://cookpad.com/id/resep/13151754-bakso-sapi-kenyal-alami
https://cookpad.com/id/resep/13148701-bakso-sapi-keto
https://cookpad.com/id/resep/13183931-bakso-sapi-dan-ayam
https://cookpad.com/id/resep/13255481-baso-sapi-gluten-free
https://cookpad.com/id/resep/13235599-bakso-sapi-mix-ayam
https://cookpad.com/id/resep/13218856-bakso-sapi
